Outputs and logs will be written to: ./out
[2025-10-25 08:50:32] ================================================================
[2025-10-25 08:50:32] ==> ./install/bin/flang -###
[2025-10-25 08:50:32] flang version 21.1.3
[2025-10-25 08:50:32] Target: x86_64-unknown-linux-gnu
[2025-10-25 08:50:32] Thread model: posix
[2025-10-25 08:50:32] InstalledDir: /work/install/bin
[2025-10-25 08:50:32] ================================================================
[2025-10-25 08:50:32] ==> ./install/bin/flang ./src/main.f08 -o ./out/main-f
[2025-10-25 08:50:35] /usr/bin/ld: /tmp/main-4bafa3.o: in function `_QQmain':
[2025-10-25 08:50:35] FIRModule:(.text+0x23): undefined reference to `foo_'
[2025-10-25 08:50:35] flang-21: error: linker command failed with exit code 1 (use -v to see invocation)
[2025-10-25 08:50:35] ERROR: command exited with code 1: ./install/bin/flang ./src/main.f08 -o ./out/main-f
[2025-10-25 08:50:35] ================================================================
[2025-10-25 08:50:35] ==> ./install/bin/flang -c ./src/foo.f08 -o ./out/foo.o
[2025-10-25 08:50:36] ================================================================
[2025-10-25 08:50:36] ==> ./install/bin/flang ./src/main.f08 ./out/foo.o -o ./out/main-f -###
[2025-10-25 08:50:36] flang version 21.1.3
[2025-10-25 08:50:36] Target: x86_64-unknown-linux-gnu
[2025-10-25 08:50:36] Thread model: posix
[2025-10-25 08:50:36] InstalledDir: /work/install/bin
[2025-10-25 08:50:36]  "/work/install/bin/flang" "-fc1" "-triple" "x86_64-unknown-linux-gnu" "-emit-obj" "-mrelocation-model" "pic" "-pic-level" "2" "-pic-is-pie" "-target-cpu" "x86-64" "-resource-dir" "/work/install/lib/clang/21" "-mframe-pointer=all" "-o" "/tmp/main-cff27b.o" "-x" "f95" "./src/main.f08"
[2025-10-25 08:50:36]  "/usr/bin/ld" "-z" "now" "-z" "relro" "--hash-style=gnu" "--eh-frame-hdr" "-m" "elf_x86_64" "-pie" "-dynamic-linker" "/lib64/ld-linux-x86-64.so.2" "-o" "./out/main-f" "/usr/lib/Scrt1.o" "/usr/lib/crti.o" "/work/install/lib/clang/21/lib/x86_64-unknown-linux-gnu/clang_rt.crtbegin.o" "-L/work/install/bin/../lib/x86_64-unknown-linux-gnu" "-L/work/install/lib/clang/21/lib/x86_64-unknown-linux-gnu" "-L/lib" "-L/usr/lib" "/tmp/main-cff27b.o" "./out/foo.o" "-L/work/install/lib" "-lflang_rt.runtime" "-lm" "/work/install/lib/clang/21/lib/x86_64-unknown-linux-gnu/libclang_rt.builtins.a" "--as-needed" "-lunwind" "--no-as-needed" "-lc" "/work/install/lib/clang/21/lib/x86_64-unknown-linux-gnu/libclang_rt.builtins.a" "--as-needed" "-lunwind" "--no-as-needed" "/work/install/lib/clang/21/lib/x86_64-unknown-linux-gnu/clang_rt.crtend.o" "/usr/lib/crtn.o"
[2025-10-25 08:50:36] ================================================================
[2025-10-25 08:50:36] ==> ./install/bin/flang ./src/main.f08 ./out/foo.o -o ./out/main-f
[2025-10-25 08:50:39] ================================================================
[2025-10-25 08:50:39] ==> ./out/main-f
[2025-10-25 08:50:39] ./run_flang.sh: line 39: ./out/main-f: cannot execute: required file not found
[2025-10-25 08:50:39] ERROR: command exited with code 127: ./out/main-f
[2025-10-25 08:50:39] ================================================================
[2025-10-25 08:50:39] ==> cc ./src/main.c ./out/foo.o -o ./out/main-c
[2025-10-25 08:50:39] ================================================================
[2025-10-25 08:50:39] ==> ./out/main-c
[2025-10-25 08:50:39] main.c::1 + 1 = 2
Done. Full log: ./out/run_flang.log
